Using pre-set license
Built from '2020.2/release' branch; Version is '2020.2.2f1 (068178b99f32) revision 426360'; Using compiler version '192528614'; Build Type 'Release'
OS: 'Windows 10 Pro; OS build 19042.1052; Version 2009; 64bit' Language: 'en' Physical Memory: 32699 MB
BatchMode: 1, IsHumanControllingUs: 0, StartBugReporterOnCrash: 0, Is64bit: 1, IsPro: 0

 COMMAND LINE ARGUMENTS:
C:\Program Files\Unity\Hub\Editor\2020.2.2f1\Editor\Unity.exe
-adb2
-batchMode
-noUpm
-name
AssetImportWorker0
-projectPath
D:/GitProjects/KSP-NoU-Mod
-logFile
Logs/AssetImportWorker0.log
-srvPort
53364
Successfully changed project path to: D:/GitProjects/KSP-NoU-Mod
D:/GitProjects/KSP-NoU-Mod
Using Asset Import Pipeline V2.
Refreshing native plugins compatible for Editor in 32.26 ms, found 0 plugins.
Preloading 0 native plugins for Editor in 0.00 ms.
Initialize engine version: 2020.2.2f1 (068178b99f32)
[Subsystems] Discovering subsystems at path C:/Program Files/Unity/Hub/Editor/2020.2.2f1/Editor/Data/Resources/UnitySubsystems
[Subsystems] Discovering subsystems at path D:/GitProjects/KSP-NoU-Mod/Assets
GfxDevice: creating device client; threaded=0
Direct3D:
    Version:  Direct3D 11.0 [level 11.1]
    Renderer: NVIDIA GeForce GTX 1060 6GB (ID=0x1c03)
    Vendor:   
    VRAM:     6052 MB
    Driver:   30.0.14.7111
Initialize mono
Mono path[0] = 'C:/Program Files/Unity/Hub/Editor/2020.2.2f1/Editor/Data/Managed'
Mono path[1] = 'C:/Program Files/Unity/Hub/Editor/2020.2.2f1/Editor/Data/MonoBleedingEdge/lib/mono/unityjit'
Mono config path = 'C:/Program Files/Unity/Hub/Editor/2020.2.2f1/Editor/Data/MonoBleedingEdge/etc'
Using monoOptions --debugger-agent=transport=dt_socket,embedding=1,server=y,suspend=n,address=127.0.0.1:56428
Begin MonoManager ReloadAssembly
Registering precompiled unity dll's ...
Register platform support module: C:/Program Files/Unity/Hub/Editor/2020.2.2f1/Editor/Data/PlaybackEngines/WindowsStandaloneSupport/UnityEditor.WindowsStandalone.Extensions.dll
Registered in 0.003094 seconds.
Native extension for WindowsStandalone target not found
Refreshing native plugins compatible for Editor in 30.55 ms, found 0 plugins.
Preloading 0 native plugins for Editor in 0.00 ms.
Invoked RoslynAnalysisRunner static constructor.
RoslynAnalysisRunner will not be running.
RoslynAnalysisRunner has terminated.
Mono: successfully reloaded assembly
- Completed reload, in  1.122 seconds
Platform modules already initialized, skipping
Registering precompiled user dll's ...
Registered in 0.002503 seconds.
Begin MonoManager ReloadAssembly
Error: Could not load signature of KSPFontAsset:.ctor due to: Could not load file or assembly 'TextMeshPro-2017.1-1.0.56-Runtime, Version=0.0.0.0, Culture=neutral, PublicKeyToken=null' or one of its dependencies. assembly:TextMeshPro-2017.1-1.0.56-Runtime, Version=0.0.0.0, Culture=neutral, PublicKeyToken=null type:<unknown type> member:(null) signature:<none>

Unloading broken assembly Assets/Plugins/KSPAssets/KSPAssetCompiler.dll, this assembly can cause crashes in the runtime

Native extension for WindowsStandalone target not found
Refreshing native plugins compatible for Editor in 0.34 ms, found 0 plugins.
Preloading 0 native plugins for Editor in 0.00 ms.
Invoked RoslynAnalysisRunner static constructor.
RoslynAnalysisRunner will not be running.
RoslynAnalysisRunner has terminated.
Mono: successfully reloaded assembly
- Completed reload, in  0.843 seconds
Platform modules already initialized, skipping
========================================================================
Worker process is ready to serve import requests
Launched and connected shader compiler UnityShaderCompiler.exe after 0.05 seconds
Refreshing native plugins compatible for Editor in 0.33 ms, found 0 plugins.
Preloading 0 native plugins for Editor in 0.00 ms.
Unloading 1147 Unused Serialized files (Serialized files now loaded: 0)
System memory in use before: 99.5 MB.
System memory in use after: 99.6 MB.

Unloading 13 unused Assets to reduce memory usage. Loaded Objects now: 1631.
Total: 1.772800 ms (FindLiveObjects: 0.168600 ms CreateObjectMapping: 0.031100 ms MarkObjects: 1.419000 ms  DeleteObjects: 0.153200 ms)

========================================================================
Received Import Request.
  path: Assets/Models/RF/3M8 Krug.blend
  artifactKey: Guid(7c26e52e2d5bd084b8cc9cb01f36f697) Importer(815301076,1909f56bfc062723c751e8b465ee728b)
Start importing Assets/Models/RF/3M8 Krug.blend using Guid(7c26e52e2d5bd084b8cc9cb01f36f697) Importer(815301076,1909f56bfc062723c751e8b465ee728b)  -> (artifact id: '2c4f9e43dfaf76aff788d187dafe9712') in 0.145479 seconds
  Import took 0.166692 seconds .

========================================================================
Received Import Request.
  Time since last request: 24.442690 seconds.
  path: Assets/Models/RF/5V7 S-25.blend
  artifactKey: Guid(6d35c7ca600685544be9a152fa649001) Importer(815301076,1909f56bfc062723c751e8b465ee728b)
Start importing Assets/Models/RF/5V7 S-25.blend using Guid(6d35c7ca600685544be9a152fa649001) Importer(815301076,1909f56bfc062723c751e8b465ee728b)  -> (artifact id: '46f8607f0a11b2032091d3d21cea628f') in 0.034048 seconds
  Import took 0.056884 seconds .

========================================================================
Received Import Request.
  Time since last request: 38.215241 seconds.
  path: Assets/Models/WIP/AN_MPQ-34 Finished.blend
  artifactKey: Guid(ae6eed9ef9b340c48b31137699e76557) Importer(815301076,1909f56bfc062723c751e8b465ee728b)
Start importing Assets/Models/WIP/AN_MPQ-34 Finished.blend using Guid(ae6eed9ef9b340c48b31137699e76557) Importer(815301076,1909f56bfc062723c751e8b465ee728b)  -> (artifact id: 'e168566adfaad1355d5a91e131ecbbb1') in 0.140685 seconds
  Import took 0.316943 seconds .

========================================================================
Received Import Request.
  Time since last request: 177.274848 seconds.
  path: Assets/Models/RF/K-13R.blend
  artifactKey: Guid(9d313dfb37f5c764e9458cc5f73aa591) Importer(815301076,1909f56bfc062723c751e8b465ee728b)
Start importing Assets/Models/RF/K-13R.blend using Guid(9d313dfb37f5c764e9458cc5f73aa591) Importer(815301076,1909f56bfc062723c751e8b465ee728b)  -> (artifact id: '5122b47a7c9f26453ee0af058879a324') in 0.023564 seconds
  Import took 0.446950 seconds .

========================================================================
Received Import Request.
  Time since last request: 12.118725 seconds.
  path: Assets/Models/RF/K-98R.blend
  artifactKey: Guid(e8e72dcd78fa5ab41b3ba4c2f7efbe57) Importer(815301076,1909f56bfc062723c751e8b465ee728b)
Start importing Assets/Models/RF/K-98R.blend using Guid(e8e72dcd78fa5ab41b3ba4c2f7efbe57) Importer(815301076,1909f56bfc062723c751e8b465ee728b)  -> (artifact id: '78b70a34d46c7875c8a052a1e0382be6') in 0.022363 seconds
  Import took 0.045381 seconds .

========================================================================
Received Import Request.
  Time since last request: 8.689709 seconds.
  path: Assets/Models/RF/K-98T.blend
  artifactKey: Guid(03f2d8023a36bb54b9d3c4658ade3b60) Importer(815301076,1909f56bfc062723c751e8b465ee728b)
Start importing Assets/Models/RF/K-98T.blend using Guid(03f2d8023a36bb54b9d3c4658ade3b60) Importer(815301076,1909f56bfc062723c751e8b465ee728b)  -> (artifact id: 'd22ad3e875fe9864d667ee12aff74101') in 0.014417 seconds
  Import took 0.038421 seconds .

========================================================================
Received Import Request.
  Time since last request: 7.021984 seconds.
  path: Assets/Models/RF/K-23R.blend
  artifactKey: Guid(7275ef5f4de37e5429f10d1786b770ec) Importer(815301076,1909f56bfc062723c751e8b465ee728b)
Start importing Assets/Models/RF/K-23R.blend using Guid(7275ef5f4de37e5429f10d1786b770ec) Importer(815301076,1909f56bfc062723c751e8b465ee728b)  -> (artifact id: '3bd972ff4cdb6b59044b1a7e3f79e300') in 0.018926 seconds
  Import took 0.041936 seconds .

========================================================================
Received Import Request.
  Time since last request: 7.069110 seconds.
  path: Assets/Models/RF/K-40R.blend
  artifactKey: Guid(ee088cb0484161c4f9634e2d2333bdc1) Importer(815301076,1909f56bfc062723c751e8b465ee728b)
Start importing Assets/Models/RF/K-40R.blend using Guid(ee088cb0484161c4f9634e2d2333bdc1) Importer(815301076,1909f56bfc062723c751e8b465ee728b)  -> (artifact id: '4047e243b534dd77fc104858c6b507f9') in 0.014712 seconds
  Import took 0.037820 seconds .

========================================================================
Received Import Request.
  Time since last request: 6.854829 seconds.
  path: Assets/Models/RF/K-40T.blend
  artifactKey: Guid(dcb038ed001902047b4341fd0e28be4b) Importer(815301076,1909f56bfc062723c751e8b465ee728b)
Start importing Assets/Models/RF/K-40T.blend using Guid(dcb038ed001902047b4341fd0e28be4b) Importer(815301076,1909f56bfc062723c751e8b465ee728b)  -> (artifact id: '50bf569d81d356bed182d9110c6409b3') in 0.014145 seconds
  Import took 0.037250 seconds .

========================================================================
Received Import Request.
  Time since last request: 8.641802 seconds.
  path: Assets/Models/RF/K-98MR.blend
  artifactKey: Guid(e6914bf92d9d2ae4bbec0f841da945ab) Importer(815301076,1909f56bfc062723c751e8b465ee728b)
Start importing Assets/Models/RF/K-98MR.blend using Guid(e6914bf92d9d2ae4bbec0f841da945ab) Importer(815301076,1909f56bfc062723c751e8b465ee728b)  -> (artifact id: '5ee154029d866eedd905df2f3a2df01e') in 0.015194 seconds
  Import took 0.038363 seconds .

========================================================================
Received Import Request.
  Time since last request: 7.112295 seconds.
  path: Assets/Models/RF/K-98MT.blend
  artifactKey: Guid(606db92f00291d447ab5b8e7b4c702e6) Importer(815301076,1909f56bfc062723c751e8b465ee728b)
Start importing Assets/Models/RF/K-98MT.blend using Guid(606db92f00291d447ab5b8e7b4c702e6) Importer(815301076,1909f56bfc062723c751e8b465ee728b)  -> (artifact id: 'cb82872d66e420f3a4284924111f233a') in 0.016733 seconds
  Import took 0.039668 seconds .

========================================================================
Received Import Request.
  Time since last request: 37.361980 seconds.
  path: Assets/Models/RF/9M32 Strela-2.blend
  artifactKey: Guid(01163bcebe71cc548b71784ebc2d640b) Importer(815301076,1909f56bfc062723c751e8b465ee728b)
Start importing Assets/Models/RF/9M32 Strela-2.blend using Guid(01163bcebe71cc548b71784ebc2d640b) Importer(815301076,1909f56bfc062723c751e8b465ee728b)  -> (artifact id: '0b3cdcfad481821bbcaff1ab9f1fdc68') in 0.105427 seconds
  Import took 0.127952 seconds .

========================================================================
Received Import Request.
  Time since last request: 17.128674 seconds.
  path: Assets/Models/RF/9M39 Buk.blend
  artifactKey: Guid(ecea6148d2b308d48ae1c05e3174f3c2) Importer(815301076,1909f56bfc062723c751e8b465ee728b)
Start importing Assets/Models/RF/9M39 Buk.blend using Guid(ecea6148d2b308d48ae1c05e3174f3c2) Importer(815301076,1909f56bfc062723c751e8b465ee728b)  -> (artifact id: 'be7c2d3a1ddf129e4ac52de30b36ecdd') in 0.015204 seconds
  Import took 0.038368 seconds .

========================================================================
Received Import Request.
  Time since last request: 18.522761 seconds.
  path: Assets/Models/Turrets/AMX-30/AMX-30 Light.blend
  artifactKey: Guid(e613cd872da9a7a44a2e3a6a8a743437) Importer(815301076,1909f56bfc062723c751e8b465ee728b)
Start importing Assets/Models/Turrets/AMX-30/AMX-30 Light.blend using Guid(e613cd872da9a7a44a2e3a6a8a743437) Importer(815301076,1909f56bfc062723c751e8b465ee728b)  -> (artifact id: 'e755d4e6cd9c584ff61cec3ded0c09f1') in 0.188091 seconds
  Import took 0.210833 seconds .

AssetImportWorkerClient::OnTransportError - code=2 error=End of file
